<?xml version="1.0" encoding="UTF-8"?>
<!-- Generated by org.testng.reporters.JUnitReportReporter -->
<testsuite hostname="DESKTOP-GRE8QJG" failures="0" tests="2" name="testCases.LoginTestCases" time="10.101" errors="0" timestamp="07 Jan 2022 07:28:03 GMT" skipped="0">
  <testcase classname="testCases.LoginTestCases" name="LoginValid" time="6.612"/>
  <testcase classname="testCases.LoginTestCases" name="LoginInValid" time="3.489"/>
</testsuite> <!-- testCases.LoginTestCases -->
