<?xml version="1.0" encoding="UTF-8"?>
<!-- Generated by org.testng.reporters.JUnitReportReporter -->
<testsuite hostname="DESKTOP-GRE8QJG" failures="0" tests="3" name="testCases.LoginTestCases" time="15.162" errors="0" timestamp="11 Jan 2022 09:28:10 GMT" skipped="0">
  <testcase classname="testCases.LoginTestCases" name="LoginValid" time="6.951"/>
  <testcase classname="testCases.LoginTestCases" name="LoginInValid" time="4.461"/>
  <testcase classname="testCases.LoginTestCases" name="LoginInValid" time="3.750"/>
</testsuite> <!-- testCases.LoginTestCases -->
